<?xml version="1.0" encoding="UTF-8"?>
<testng-results skipped="0" failed="0" ignored="0" total="1" passed="1">
  <reporter-output>
  </reporter-output>
  <suite name="Default suite" duration-ms="15029" started-at="2019-11-09T16:06:38 EST" finished-at="2019-11-09T16:06:53 EST">
    <groups>
    </groups>
    <test name="Default test" duration-ms="15029" started-at="2019-11-09T16:06:38 EST" finished-at="2019-11-09T16:06:53 EST">
      <class name="banking.Testcase001_VerifyLogin">
        <test-method status="PASS" signature="setup()[pri:0, instance:banking.Testcase001_VerifyLogin@5bc79255]" name="setup" is-config="true" duration-ms="11149" started-at="2019-11-09T16:06:38 EST" finished-at="2019-11-09T16:06:49 EST">
          <reporter-output>
          </reporter-output>
        </test-method> <!-- setup -->
        <test-method status="PASS" signature="verifyLogin()[pri:0, instance:banking.Testcase001_VerifyLogin@5bc79255]" name="verifyLogin" duration-ms="3237" started-at="2019-11-09T16:06:49 EST" finished-at="2019-11-09T16:06:52 EST">
          <reporter-output>
          </reporter-output>
        </test-method> <!-- verifyLogin -->
        <test-method status="PASS" signature="teardown(org.testng.ITestResult)[pri:0, instance:banking.Testcase001_VerifyLogin@5bc79255]" name="teardown" is-config="true" duration-ms="616" started-at="2019-11-09T16:06:52 EST" finished-at="2019-11-09T16:06:53 EST">
          <params>
            <param index="0">
              <value>
                <![CDATA[[TestResult name=verifyLogin status=SUCCESS method=Testcase001_VerifyLogin.verifyLogin()[pri:0, instance:banking.Testcase001_VerifyLogin@5bc79255] output={null}]]]>
              </value>
            </param>
          </params>
          <reporter-output>
          </reporter-output>
        </test-method> <!-- teardown -->
      </class> <!-- banking.Testcase001_VerifyLogin -->
    </test> <!-- Default test -->
  </suite> <!-- Default suite -->
</testng-results>
